<?xml version="1.0" encoding="UTF-8"?>
<!-- Generated by org.testng.reporters.JUnitReportReporter -->
<testsuite hostname="Vihaa" failures="0" tests="1" name="tests.Logintest" time="8.745" errors="0" timestamp="2023-06-08T12:14:28 IST" skipped="0">
  <testcase classname="tests.Logintest" name="jobskr" time="8.745"/>
  <system-out/>
</testsuite> <!-- tests.Logintest -->
