<?xml version="1.0" encoding="UTF-8"?>
<!-- Generated by org.testng.reporters.JUnitReportReporter -->
<testsuite hostname="Vihaa" failures="0" tests="1" name="tests.Hometest_1" time="7.526" errors="0" timestamp="2023-06-06T10:57:43 IST" skipped="0">
  <testcase classname="tests.Hometest_1" name="testsearch" time="7.526"/>
  <system-out/>
</testsuite> <!-- tests.Hometest_1 -->
