<?xml version="1.0" encoding="UTF-8"?>
<!-- Generated by org.testng.reporters.JUnitReportReporter -->
<testsuite hostname="Vihaa" failures="0" tests="1" name="tests.Screenshottest" time="3.316" errors="0" timestamp="2023-06-12T17:54:46 IST" skipped="0">
  <testcase classname="tests.Screenshottest" name="screen1" time="3.316"/>
  <system-out/>
</testsuite> <!-- tests.Screenshottest -->
