<?xml version="1.0" encoding="UTF-8"?>
<!-- Generated by org.testng.reporters.JUnitReportReporter -->
<testsuite hostname="Vihaa" failures="0" tests="1" name="tests.Logintest" time="8.279" errors="0" timestamp="2023-06-12T21:01:55 IST" skipped="0">
  <testcase classname="tests.Logintest" name="jobskr" time="8.279"/>
  <system-out/>
</testsuite> <!-- tests.Logintest -->
