<?xml version="1.0" encoding="UTF-8"?>
<!-- Generated by org.testng.reporters.JUnitReportReporter -->
<testsuite hostname="Vihaa" failures="0" tests="1" name="tests.Scroll_logo_linktest" time="3.350" errors="0" timestamp="2023-06-12T18:13:23 IST" skipped="0">
  <testcase classname="tests.Scroll_logo_linktest" name="lsltest" time="3.350"/>
  <system-out/>
</testsuite> <!-- tests.Scroll_logo_linktest -->
