<?xml version="1.0" encoding="UTF-8"?>
<!-- Generated by org.testng.reporters.JUnitReportReporter -->
<testsuite hostname="Vihaa" failures="0" tests="1" name="tests.Scroll_linktest" time="2.619" errors="0" timestamp="2023-06-12T12:43:15 IST" skipped="0">
  <testcase classname="tests.Scroll_linktest" name="linksl" time="2.619"/>
  <system-out/>
</testsuite> <!-- tests.Scroll_linktest -->
