<?xml version="1.0" encoding="UTF-8"?>
<!-- Generated by org.testng.reporters.JUnitReportReporter -->
<testsuite hostname="Vihaa" failures="0" tests="1" name="tests.Allbasictest" time="3.366" errors="0" timestamp="2023-06-10T16:50:17 IST" skipped="0">
  <testcase classname="tests.Allbasictest" name="gettitlename1" time="3.366"/>
  <system-out/>
</testsuite> <!-- tests.Allbasictest -->
